training: 100%|██████████████████████████████████████████████████████████████████████████████████████████████████████████████████████████████████████████████████████████████| 174/174 [01:22<00:00,  2.10it/s]
validation: 100%|██████████████████████████████████████████████████████████████████████████████████████████████████████████████████████████████████████████████████████████████| 44/44 [00:08<00:00,  5.01it/s]
Epoch 1: training loss=4.320934103823256, validation loss=4.183775847608393
training: 100%|██████████████████████████████████████████████████████████████████████████████████████████████████████████████████████████████████████████████████████████████| 174/174 [01:22<00:00,  2.12it/s]
validation: 100%|██████████████████████████████████████████████████████████████████████████████████████████████████████████████████████████████████████████████████████████████| 44/44 [00:09<00:00,  4.85it/s]
Epoch 2: training loss=4.1729729805869615, validation loss=4.128994556990537
training: 100%|██████████████████████████████████████████████████████████████████████████████████████████████████████████████████████████████████████████████████████████████| 174/174 [01:22<00:00,  2.11it/s]
validation: 100%|██████████████████████████████████████████████████████████████████████████████████████████████████████████████████████████████████████████████████████████████| 44/44 [00:08<00:00,  5.12it/s]
Epoch 3: training loss=4.054357931531709, validation loss=3.9891187223521145
training: 100%|██████████████████████████████████████████████████████████████████████████████████████████████████████████████████████████████████████████████████████████████| 174/174 [01:21<00:00,  2.13it/s]
validation: 100%|██████████████████████████████████████████████████████████████████████████████████████████████████████████████████████████████████████████████████████████████| 44/44 [00:08<00:00,  5.15it/s]
Epoch 4: training loss=3.8793861468633017, validation loss=3.7713162140412764
training: 100%|██████████████████████████████████████████████████████████████████████████████████████████████████████████████████████████████████████████████████████████████| 174/174 [01:21<00:00,  2.13it/s]
validation: 100%|██████████████████████████████████████████████████████████████████████████████████████████████████████████████████████████████████████████████████████████████| 44/44 [00:08<00:00,  5.25it/s]
Epoch 5: training loss=3.687019812649694, validation loss=3.65190930258144
training: 100%|██████████████████████████████████████████████████████████████████████████████████████████████████████████████████████████████████████████████████████████████| 174/174 [01:21<00:00,  2.13it/s]
validation: 100%|██████████████████████████████████████████████████████████████████████████████████████████████████████████████████████████████████████████████████████████████| 44/44 [00:08<00:00,  5.13it/s]
Epoch 6: training loss=3.5399481798040457, validation loss=3.507672504945235
training: 100%|██████████████████████████████████████████████████████████████████████████████████████████████████████████████████████████████████████████████████████████████| 174/174 [01:22<00:00,  2.11it/s]
validation: 100%|██████████████████████████████████████████████████████████████████████████████████████████████████████████████████████████████████████████████████████████████| 44/44 [00:09<00:00,  4.66it/s]
Epoch 7: training loss=3.4071198784071823, validation loss=3.4095779819922014
training: 100%|██████████████████████████████████████████████████████████████████████████████████████████████████████████████████████████████████████████████████████████████| 174/174 [01:21<00:00,  2.13it/s]
validation: 100%|██████████████████████████████████████████████████████████████████████████████████████████████████████████████████████████████████████████████████████████████| 44/44 [00:09<00:00,  4.84it/s]
Epoch 8: training loss=3.3236882988063767, validation loss=3.397821686484597
training: 100%|██████████████████████████████████████████████████████████████████████████████████████████████████████████████████████████████████████████████████████████████| 174/174 [01:21<00:00,  2.12it/s]
validation: 100%|██████████████████████████████████████████████████████████████████████████████████████████████████████████████████████████████████████████████████████████████| 44/44 [00:08<00:00,  5.22it/s]
Epoch 9: training loss=3.2070990458302115, validation loss=3.2405815449627964
training: 100%|██████████████████████████████████████████████████████████████████████████████████████████████████████████████████████████████████████████████████████████████| 174/174 [01:21<00:00,  2.13it/s]
validation: 100%|██████████████████████████████████████████████████████████████████████████████████████████████████████████████████████████████████████████████████████████████| 44/44 [00:08<00:00,  5.21it/s]
Epoch 10: training loss=3.09309053832087, validation loss=3.2514160763133657
training: 100%|██████████████████████████████████████████████████████████████████████████████████████████████████████████████████████████████████████████████████████████████| 174/174 [01:21<00:00,  2.13it/s]
validation: 100%|██████████████████████████████████████████████████████████████████████████████████████████████████████████████████████████████████████████████████████████████| 44/44 [00:08<00:00,  5.21it/s]
Epoch 11: training loss=2.9837752032554015, validation loss=3.1503399556333367
training: 100%|██████████████████████████████████████████████████████████████████████████████████████████████████████████████████████████████████████████████████████████████| 174/174 [01:21<00:00,  2.13it/s]
validation: 100%|██████████████████████████████████████████████████████████████████████████████████████████████████████████████████████████████████████████████████████████████| 44/44 [00:08<00:00,  5.18it/s]
Epoch 12: training loss=2.9513885714541908, validation loss=3.072264850139618
training: 100%|██████████████████████████████████████████████████████████████████████████████████████████████████████████████████████████████████████████████████████████████| 174/174 [01:21<00:00,  2.13it/s]
validation: 100%|██████████████████████████████████████████████████████████████████████████████████████████████████████████████████████████████████████████████████████████████| 44/44 [00:08<00:00,  5.04it/s]
Epoch 13: training loss=2.8370743503515747, validation loss=3.034482939676805
training: 100%|██████████████████████████████████████████████████████████████████████████████████████████████████████████████████████████████████████████████████████████████| 174/174 [01:21<00:00,  2.13it/s]
validation: 100%|██████████████████████████████████████████████████████████████████████████████████████████████████████████████████████████████████████████████████████████████| 44/44 [00:08<00:00,  5.11it/s]
Epoch 14: training loss=2.780987862882943, validation loss=3.0160834193229675
training: 100%|██████████████████████████████████████████████████████████████████████████████████████████████████████████████████████████████████████████████████████████████| 174/174 [01:22<00:00,  2.12it/s]
validation: 100%|██████████████████████████████████████████████████████████████████████████████████████████████████████████████████████████████████████████████████████████████| 44/44 [00:08<00:00,  5.12it/s]
Epoch 15: training loss=2.714130885984706, validation loss=2.8855239261280405
training: 100%|██████████████████████████████████████████████████████████████████████████████████████████████████████████████████████████████████████████████████████████████| 174/174 [01:22<00:00,  2.12it/s]
validation: 100%|██████████████████████████████████████████████████████████████████████████████████████████████████████████████████████████████████████████████████████████████| 44/44 [00:08<00:00,  5.23it/s]
Epoch 16: training loss=2.6633295547003035, validation loss=2.8433855826204475
training: 100%|██████████████████████████████████████████████████████████████████████████████████████████████████████████████████████████████████████████████████████████████| 174/174 [01:21<00:00,  2.14it/s]
validation: 100%|██████████████████████████████████████████████████████████████████████████████████████████████████████████████████████████████████████████████████████████████| 44/44 [00:08<00:00,  5.23it/s]
Epoch 17: training loss=2.57143291796761, validation loss=2.810073960911144
training: 100%|██████████████████████████████████████████████████████████████████████████████████████████████████████████████████████████████████████████████████████████████| 174/174 [01:21<00:00,  2.13it/s]
validation: 100%|██████████████████████████████████████████████████████████████████████████████████████████████████████████████████████████████████████████████████████████████| 44/44 [00:08<00:00,  5.13it/s]
Epoch 18: training loss=2.513970101701802, validation loss=2.758630768819289
training: 100%|██████████████████████████████████████████████████████████████████████████████████████████████████████████████████████████████████████████████████████████████| 174/174 [01:21<00:00,  2.15it/s]
validation: 100%|██████████████████████████████████████████████████████████████████████████████████████████████████████████████████████████████████████████████████████████████| 44/44 [00:08<00:00,  5.24it/s]
Epoch 19: training loss=2.431432800046329, validation loss=2.7272808497602288
training: 100%|██████████████████████████████████████████████████████████████████████████████████████████████████████████████████████████████████████████████████████████████| 174/174 [01:20<00:00,  2.15it/s]
validation: 100%|██████████████████████████████████████████████████████████████████████████████████████████████████████████████████████████████████████████████████████████████| 44/44 [00:08<00:00,  5.22it/s]
Epoch 20: training loss=2.389263435341846, validation loss=2.702938451008363
training: 100%|██████████████████████████████████████████████████████████████████████████████████████████████████████████████████████████████████████████████████████████████| 174/174 [01:21<00:00,  2.12it/s]
validation: 100%|██████████████████████████████████████████████████████████████████████████████████████████████████████████████████████████████████████████████████████████████| 44/44 [00:08<00:00,  5.22it/s]
Epoch 21: training loss=2.308148434107331, validation loss=2.619334177537398
training: 100%|██████████████████████████████████████████████████████████████████████████████████████████████████████████████████████████████████████████████████████████████| 174/174 [01:21<00:00,  2.13it/s]
validation: 100%|██████████████████████████████████████████████████████████████████████████████████████████████████████████████████████████████████████████████████████████████| 44/44 [00:08<00:00,  5.15it/s]
Epoch 22: training loss=2.2641516512837905, validation loss=2.58912454680963
training: 100%|██████████████████████████████████████████████████████████████████████████████████████████████████████████████████████████████████████████████████████████████| 174/174 [01:22<00:00,  2.12it/s]
validation: 100%|██████████████████████████████████████████████████████████████████████████████████████████████████████████████████████████████████████████████████████████████| 44/44 [00:08<00:00,  5.10it/s]
Epoch 23: training loss=2.2126562718687386, validation loss=2.566841325976632
training: 100%|██████████████████████████████████████████████████████████████████████████████████████████████████████████████████████████████████████████████████████████████| 174/174 [01:21<00:00,  2.13it/s]
validation: 100%|██████████████████████████████████████████████████████████████████████████████████████████████████████████████████████████████████████████████████████████████| 44/44 [00:08<00:00,  5.04it/s]
Epoch 24: training loss=2.127851883570353, validation loss=2.5461781079118904
training: 100%|██████████████████████████████████████████████████████████████████████████████████████████████████████████████████████████████████████████████████████████████| 174/174 [01:21<00:00,  2.13it/s]
validation: 100%|██████████████████████████████████████████████████████████████████████████████████████████████████████████████████████████████████████████████████████████████| 44/44 [00:09<00:00,  4.82it/s]
Epoch 25: training loss=2.116455976990448, validation loss=2.4771436859260905
training: 100%|██████████████████████████████████████████████████████████████████████████████████████████████████████████████████████████████████████████████████████████████| 174/174 [01:21<00:00,  2.13it/s]
validation: 100%|██████████████████████████████████████████████████████████████████████████████████████████████████████████████████████████████████████████████████████████████| 44/44 [00:08<00:00,  4.97it/s]
Epoch 26: training loss=2.040156872108065, validation loss=2.4378049319440667
training: 100%|██████████████████████████████████████████████████████████████████████████████████████████████████████████████████████████████████████████████████████████████| 174/174 [01:22<00:00,  2.12it/s]
validation: 100%|██████████████████████████████████████████████████████████████████████████████████████████████████████████████████████████████████████████████████████████████| 44/44 [00:08<00:00,  5.20it/s]
Epoch 27: training loss=2.0109313075569855, validation loss=2.4006222865798255
training: 100%|██████████████████████████████████████████████████████████████████████████████████████████████████████████████████████████████████████████████████████████████| 174/174 [01:21<00:00,  2.14it/s]
validation: 100%|██████████████████████████████████████████████████████████████████████████████████████████████████████████████████████████████████████████████████████████████| 44/44 [00:08<00:00,  5.09it/s]
Epoch 28: training loss=1.9204378826864834, validation loss=2.3632039319385183
training: 100%|██████████████████████████████████████████████████████████████████████████████████████████████████████████████████████████████████████████████████████████████| 174/174 [01:22<00:00,  2.11it/s]
validation: 100%|██████████████████████████████████████████████████████████████████████████████████████████████████████████████████████████████████████████████████████████████| 44/44 [00:08<00:00,  5.15it/s]
Epoch 29: training loss=1.9023258521639068, validation loss=2.3338159105994483
training: 100%|██████████████████████████████████████████████████████████████████████████████████████████████████████████████████████████████████████████████████████████████| 174/174 [01:21<00:00,  2.13it/s]
validation: 100%|██████████████████████████████████████████████████████████████████████████████████████████████████████████████████████████████████████████████████████████████| 44/44 [00:08<00:00,  4.93it/s]
Epoch 30: training loss=1.8363269252338628, validation loss=2.2745077041062443
training: 100%|██████████████████████████████████████████████████████████████████████████████████████████████████████████████████████████████████████████████████████████████| 174/174 [01:21<00:00,  2.13it/s]
validation: 100%|██████████████████████████████████████████████████████████████████████████████████████████████████████████████████████████████████████████████████████████████| 44/44 [00:08<00:00,  5.17it/s]
Epoch 31: training loss=1.7939219488494698, validation loss=2.2881747755137356
training: 100%|██████████████████████████████████████████████████████████████████████████████████████████████████████████████████████████████████████████████████████████████| 174/174 [01:21<00:00,  2.12it/s]
validation: 100%|██████████████████████████████████████████████████████████████████████████████████████████████████████████████████████████████████████████████████████████████| 44/44 [00:08<00:00,  5.11it/s]
Epoch 32: training loss=1.7245260703152623, validation loss=2.2545236620036038
training: 100%|██████████████████████████████████████████████████████████████████████████████████████████████████████████████████████████████████████████████████████████████| 174/174 [01:21<00:00,  2.13it/s]
validation: 100%|██████████████████████████████████████████████████████████████████████████████████████████████████████████████████████████████████████████████████████████████| 44/44 [00:08<00:00,  5.13it/s]
Epoch 33: training loss=1.678974483890095, validation loss=2.270981626077132
training: 100%|██████████████████████████████████████████████████████████████████████████████████████████████████████████████████████████████████████████████████████████████| 174/174 [01:21<00:00,  2.12it/s]
validation: 100%|██████████████████████████████████████████████████████████████████████████████████████████████████████████████████████████████████████████████████████████████| 44/44 [00:08<00:00,  5.25it/s]
Epoch 34: training loss=1.643138811506074, validation loss=2.2518807378682224
training: 100%|██████████████████████████████████████████████████████████████████████████████████████████████████████████████████████████████████████████████████████████████| 174/174 [01:22<00:00,  2.12it/s]
validation: 100%|██████████████████████████████████████████████████████████████████████████████████████████████████████████████████████████████████████████████████████████████| 44/44 [00:08<00:00,  5.26it/s]
Epoch 35: training loss=1.576369895332161, validation loss=2.2043893960389225
training: 100%|██████████████████████████████████████████████████████████████████████████████████████████████████████████████████████████████████████████████████████████████| 174/174 [01:21<00:00,  2.13it/s]
validation: 100%|██████████████████████████████████████████████████████████████████████████████████████████████████████████████████████████████████████████████████████████████| 44/44 [00:08<00:00,  5.18it/s]
Epoch 36: training loss=1.5197769958397438, validation loss=2.18114390427416
training: 100%|██████████████████████████████████████████████████████████████████████████████████████████████████████████████████████████████████████████████████████████████| 174/174 [01:21<00:00,  2.12it/s]
validation: 100%|██████████████████████████████████████████████████████████████████████████████████████████████████████████████████████████████████████████████████████████████| 44/44 [00:08<00:00,  5.12it/s]
Epoch 37: training loss=1.4956089641856052, validation loss=2.170779434117404
training: 100%|██████████████████████████████████████████████████████████████████████████████████████████████████████████████████████████████████████████████████████████████| 174/174 [01:20<00:00,  2.15it/s]
validation: 100%|██████████████████████████████████████████████████████████████████████████████████████████████████████████████████████████████████████████████████████████████| 44/44 [00:08<00:00,  4.99it/s]
Epoch 38: training loss=1.4571764575338912, validation loss=2.1326073624870996
training: 100%|██████████████████████████████████████████████████████████████████████████████████████████████████████████████████████████████████████████████████████████████| 174/174 [01:21<00:00,  2.14it/s]
validation: 100%|██████████████████████████████████████████████████████████████████████████████████████████████████████████████████████████████████████████████████████████████| 44/44 [00:08<00:00,  5.25it/s]
Epoch 39: training loss=1.4133483000185298, validation loss=2.0741309984163805
training: 100%|██████████████████████████████████████████████████████████████████████████████████████████████████████████████████████████████████████████████████████████████| 174/174 [01:21<00:00,  2.14it/s]
validation: 100%|██████████████████████████████████████████████████████████████████████████████████████████████████████████████████████████████████████████████████████████████| 44/44 [00:08<00:00,  5.08it/s]
Epoch 40: training loss=1.3466389734169533, validation loss=2.0830814350735056
training: 100%|██████████████████████████████████████████████████████████████████████████████████████████████████████████████████████████████████████████████████████████████| 174/174 [01:21<00:00,  2.13it/s]
validation: 100%|██████████████████████████████████████████████████████████████████████████████████████████████████████████████████████████████████████████████████████████████| 44/44 [00:08<00:00,  5.13it/s]
Epoch 41: training loss=1.3258314012796029, validation loss=2.118525179949674
training: 100%|██████████████████████████████████████████████████████████████████████████████████████████████████████████████████████████████████████████████████████████████| 174/174 [01:21<00:00,  2.13it/s]
validation: 100%|██████████████████████████████████████████████████████████████████████████████████████████████████████████████████████████████████████████████████████████████| 44/44 [00:08<00:00,  4.94it/s]
Epoch 42: training loss=1.2367708689865025, validation loss=2.071518353440545
training: 100%|██████████████████████████████████████████████████████████████████████████████████████████████████████████████████████████████████████████████████████████████| 174/174 [01:21<00:00,  2.13it/s]
validation: 100%|██████████████████████████████████████████████████████████████████████████████████████████████████████████████████████████████████████████████████████████████| 44/44 [00:08<00:00,  5.21it/s]
Epoch 43: training loss=1.2211865131882416, validation loss=2.08893177726052
training: 100%|██████████████████████████████████████████████████████████████████████████████████████████████████████████████████████████████████████████████████████████████| 174/174 [01:21<00:00,  2.13it/s]
validation: 100%|██████████████████████████████████████████████████████████████████████████████████████████████████████████████████████████████████████████████████████████████| 44/44 [00:08<00:00,  5.04it/s]
Epoch 44: training loss=1.17788220822126, validation loss=2.059329455549067
training: 100%|██████████████████████████████████████████████████████████████████████████████████████████████████████████████████████████████████████████████████████████████| 174/174 [01:21<00:00,  2.13it/s]
validation: 100%|██████████████████████████████████████████████████████████████████████████████████████████████████████████████████████████████████████████████████████████████| 44/44 [00:08<00:00,  5.22it/s]
Epoch 45: training loss=1.1524196512055123, validation loss=2.0438427058133213
training: 100%|██████████████████████████████████████████████████████████████████████████████████████████████████████████████████████████████████████████████████████████████| 174/174 [01:21<00:00,  2.14it/s]
validation: 100%|██████████████████████████████████████████████████████████████████████████████████████████████████████████████████████████████████████████████████████████████| 44/44 [00:08<00:00,  5.24it/s]
Epoch 46: training loss=1.1049870262885917, validation loss=2.0365189909934998
training: 100%|██████████████████████████████████████████████████████████████████████████████████████████████████████████████████████████████████████████████████████████████| 174/174 [01:21<00:00,  2.14it/s]
validation: 100%|██████████████████████████████████████████████████████████████████████████████████████████████████████████████████████████████████████████████████████████████| 44/44 [00:08<00:00,  4.93it/s]
Epoch 47: training loss=1.0505493040057434, validation loss=2.0234476734291422
training: 100%|██████████████████████████████████████████████████████████████████████████████████████████████████████████████████████████████████████████████████████████████| 174/174 [01:22<00:00,  2.12it/s]
validation: 100%|██████████████████████████████████████████████████████████████████████████████████████████████████████████████████████████████████████████████████████████████| 44/44 [00:09<00:00,  4.86it/s]
Epoch 48: training loss=1.0128050688011894, validation loss=2.029439338228919
training: 100%|██████████████████████████████████████████████████████████████████████████████████████████████████████████████████████████████████████████████████████████████| 174/174 [01:22<00:00,  2.11it/s]
validation: 100%|██████████████████████████████████████████████████████████████████████████████████████████████████████████████████████████████████████████████████████████████| 44/44 [00:09<00:00,  4.78it/s]
Epoch 49: training loss=1.0132442740188248, validation loss=2.018049129030921
training: 100%|██████████████████████████████████████████████████████████████████████████████████████████████████████████████████████████████████████████████████████████████| 174/174 [01:22<00:00,  2.10it/s]
validation: 100%|██████████████████████████████████████████████████████████████████████████████████████████████████████████████████████████████████████████████████████████████| 44/44 [00:08<00:00,  5.21it/s]
Epoch 50: training loss=0.9303193601041004, validation loss=2.020996229215102
Test accuracy: 0.5714285714285714
resnet-152 trained on Caltech101