Fine-tuning mobilenet:
Test accuracy before fine-tuning: 0.0879                                                                                                                                                                                       
Epoch 1: training loss=0.7312915919097602, validation loss=0.5584796536713839                                                                                                                                                  
Epoch 2 training:  71%|█████████████████████████████████████████████████████████████████████████████████████████████████████████████████████▋                                                | 100/141 [00Epoch 2 training:  74%|██████████████████████████████████████████████████████████████████████████████████████████████████████████████████████████▍                                           | 104/141 [00Epoch 2 training:  77%|███████████████████████████████████████████████████████████████████████████████████████████████████████████████████████████████▏                                      | 108/141 [00Epoch 2 training:  79%|██████████████████████████████████████████████████████████████████████████████████████████████████████████████████████████████████▋                                   | 111/141 [00Epoch 2 training:  81%|██████████████████████████████████████████████████████████████████████████████████████████████████████████████████████████████████████▏                               | 114/141 [00Epoch 2 training:  84%|██████████████████████████████████████████████████████████████████████████████████████████████████████████████████████████████████████████▉                           | 118/141 [00Epoch 2 training:  87%|███████████████████████████████████████████████████████████████████████████████████████████████████████████████████████████████████████████████▋                      | 122/141 [00Epoch 2 training:  89%|████████████████████████████████████████████████████████████████████████████████████████████████████████████████████████████████████████████████████▎                 | 126/141 [00Epoch 2 training:  92%|█████████████████████████████████████████████████████████████████████████████████████████████████████████████████████████████████████████████████████████             | 130/141 [00Epoch 2 training:  95%|█████████████████████████████████████████████████████████████████████████████████████████████████████████████████████████████████████████████████████████████▊        | 134/141 [00Epoch 2 training:  98%|██████████████████████████████████████████████████████████████████████████████████████████████████████████████████████████████████████████████████████████████████▍   | 138/141 [00                                                                                                                                                                                                          Epoch 2: training loss=0.5286133646542299, validation loss=0.49184243381023407                                                                                                                            
Epoch 3: training loss=0.49040192703828744, validation loss=0.4833499938249588                                                                                                                            
Epoch 4: training loss=0.4669405308598322, validation loss=0.44538268633186817                                                                                                                            
Epoch 5: training loss=0.44260611665164323, validation loss=0.42256904393434525                                                                                                                           
Epoch 6: training loss=0.43398922808626866, validation loss=0.3988984636962414                                                                                                                            
Epoch 7: training loss=0.40891146448487087, validation loss=0.4222770296037197                                                                                                                            
Epoch 8: training loss=0.411484254167435, validation loss=0.3851188849657774                                                                                                                              
Epoch 9: training loss=0.3959168366929318, validation loss=0.40139738470315933                                                                                                                            
Epoch 10: training loss=0.39063130054913514, validation loss=0.39483070373535156                                                                                                                          
Epoch 11: training loss=0.3881643792838915, validation loss=0.3787902630865574                                                                                                                            -ljt" 06:51 10-Apr-24
Epoch 12: training loss=0.3871439758767473, validation loss=0.3699683714658022                                                                                                                            
Epoch 13: training loss=0.38386494745599464, validation loss=0.36182571575045586                                                                                                                          
Epoch 14: training loss=0.377361183893596, validation loss=0.35918218083679676                                                                                                                            
Epoch 15: training loss=0.3712486914286377, validation loss=0.35411649383604527                                                                                                                           
Epoch 16: training loss=0.37219666969691606, validation loss=0.3579962272197008                                                                                                                           
Epoch 17: training loss=0.353465975176358, validation loss=0.35478887893259525                                                                                                                            
Epoch 18: training loss=0.36081747742409404, validation loss=0.34912862814962864                                                                                                                          
Epoch 19: training loss=0.35667186584455746, validation loss=0.36479373183101416                                                                                                                          
Epoch 20: training loss=0.35508146786943395, validation loss=0.3680762816220522                                                                                                                           
Epoch 21: training loss=0.3550931071558743, validation loss=0.3430662900209427                                                                                                                            
Epoch 22: training loss=0.3503553166668466, validation loss=0.35076204128563404                                                                                                                           
Epoch 23: training loss=0.35076955922529207, validation loss=0.36996445804834366                                                                                                                          
Epoch 24: training loss=0.34809077990815995, validation loss=0.345121992751956                                                                                                                            
Epoch 25: training loss=0.34110276031155956, validation loss=0.3472873903810978                                                                                                                           
Epoch 26: training loss=0.3431045065323512, validation loss=0.3383317533880472                                                                                                                            
Epoch 27: training loss=0.34513969613727946, validation loss=0.3376554809510708                                                                                                                           
Epoch 28: training loss=0.34526149822887797, validation loss=0.35463955253362656                                                                                                                          
Epoch 29: training loss=0.3492950031943355, validation loss=0.35038826800882816                                                                                                                           
Epoch 30: training loss=0.33982469194324305, validation loss=0.3551032058894634                                                                                                                           
Epoch 31: training loss=0.33934558748353455, validation loss=0.33366852812469006                                                                                                                          
Epoch 32: training loss=0.3384447695938408, validation loss=0.3295747395604849                                                                                                                            
Epoch 33: training loss=0.3337500642800162, validation loss=0.3310462702065706                                                                                                                            
Epoch 34: training loss=0.32857293133617294, validation loss=0.3338578548282385                                                                                                                           
Epoch 35: training loss=0.32361476556629154, validation loss=0.35089001804590225                                                                                                                          
Epoch 36: training loss=0.3314298247614651, validation loss=0.3326307162642479                                                                                                                            
Epoch 37: training loss=0.3175634528305514, validation loss=0.3208775697275996                                                                                                                            
Epoch 38: training loss=0.33359867492888834, validation loss=0.3296046666800976                                                                                                                           
Epoch 39: training loss=0.3262633258569325, validation loss=0.33380706422030926                                                                                                                           
Epoch 40: training loss=0.32085220431182404, validation loss=0.33844229578971863                                                                                                                          
Epoch 41: training loss=0.32517053937235624, validation loss=0.3285191608592868                                                                                                                           
Epoch 42: training loss=0.32147849388156374, validation loss=0.3580792509019375                                                                                                                           
Early stop at epoch 42.
Test accuracy after fine-tuning: 0.8023


Fine-tuning shufflenet:
(oppo) ➜  mutual-distillation git:(main) ✗ python fine_tune_shufflenet_v2_x1_0_fashionmnist.py 
Test accuracy before fine-tuning: 0.1080                                                                                                                                                                  
Epoch 1: training loss=0.7822133921985085, validation loss=0.697250060737133                                                                                                                              
Epoch 2: training loss=0.5474122502702348, validation loss=0.5900119729340076                                                                                                                             
Epoch 3: training loss=0.4991590606828108, validation loss=0.514690762385726                                                                                                                              
Epoch 4: training loss=0.4622093185465387, validation loss=0.4482242800295353                                                                                                                             
Epoch 5: training loss=0.4370147150459019, validation loss=0.49341210909187794                                                                                                                            
Epoch 6: training loss=0.42279325140283464, validation loss=0.42309796810150146                                                                                                                           
Epoch 7: training loss=0.41808423547880025, validation loss=0.45416015572845936                                                                                                                           
Epoch 8: training loss=0.41142134801715824, validation loss=0.44436121359467506                                                                                                                           
Epoch 9: training loss=0.4156457430927466, validation loss=0.4342614896595478                                                                                                                             
Epoch 10: training loss=0.39446828001779866, validation loss=0.41414542123675346                                                                                                                          
Epoch 11: training loss=0.38579161560281794, validation loss=0.42915307730436325                                                                                                                          
Epoch 12: training loss=0.3743486375884807, validation loss=0.4053067211061716                                                                                                                            
Epoch 13: training loss=0.37506867205420286, validation loss=0.40685710310935974                                                                                                                          
Epoch 14: training loss=0.36937004010728064, validation loss=0.4120391644537449                                                                                                                           
Epoch 15: training loss=0.35805162174481875, validation loss=0.39364030957221985                                                                                                                          
Epoch 16: training loss=0.3539430324701553, validation loss=0.43632845766842365                                                                                                                           
Epoch 17: training loss=0.3543319768728094, validation loss=0.41448370181024075                                                                                                                           
Epoch 18: training loss=0.3477360008033455, validation loss=0.37394503131508827                                                                                                                           
Epoch 19: training loss=0.3436023051857103, validation loss=0.42520737648010254                                                                                                                           
Epoch 20: training loss=0.34356349643240586, validation loss=0.3877015560865402                                                                                                                           
Epoch 21: training loss=0.3362313247952901, validation loss=0.37509393878281116                                                                                                                           
Epoch 22: training loss=0.3326180142925141, validation loss=0.3782330946996808                                                                                                                            
Epoch 23: training loss=0.33160782526148125, validation loss=0.38721273094415665                                                                                                                          
Early stop at epoch 23.
Test accuracy after fine-tuning: 0.8654


Fine-tuning squeezenet:
python fine_tune_squeezenet1_0_fashionmnist.py
Test accuracy before fine-tuning: 0.1108                                                                                                                                                                  
Epoch 1: training loss=1.1203097506617823, validation loss=0.7274332083761692                                                                                                                             
Epoch 2: training loss=0.646659292227833, validation loss=0.6012768056243658                                                                                                                              
Epoch 3: training loss=0.569161889189524, validation loss=0.5273702628910542                                                                                                                              
Epoch 4: training loss=0.5303602926697292, validation loss=0.5434089191257954                                                                                                                             
Epoch 5: training loss=0.5027471231230607, validation loss=0.5099104512482882                                                                                                                             
Epoch 6: training loss=0.47915014582322846, validation loss=0.48810884915292263                                                                                                                           
Epoch 7: training loss=0.45973866121143314, validation loss=0.4480849429965019                                                                                                                            
Epoch 8: training loss=0.43504275962816064, validation loss=0.4100669026374817                                                                                                                            
Epoch 9: training loss=0.4250239321948789, validation loss=0.43107293359935284                                                                                                                            
Epoch 10: training loss=0.42122705988850156, validation loss=0.4246886298060417                                                                                                                           
Epoch 11: training loss=0.41415875759107845, validation loss=0.4287506937980652                                                                                                                           
Epoch 12: training loss=0.38987631313766996, validation loss=0.4068509619683027                                                                                                                           
Epoch 13: training loss=0.3949670450273135, validation loss=0.3976500369608402                                                                                                                            
Epoch 14: training loss=0.38820155060037653, validation loss=0.3761987257748842                                                                                                                           
Epoch 15: training loss=0.386549747899069, validation loss=0.38665958121418953                                                                                                                            
Epoch 16: training loss=0.3749216209489403, validation loss=0.3841254897415638                                                                                                                            
Epoch 17: training loss=0.368675744596948, validation loss=0.4506347645074129                                                                                                                             
Epoch 18: training loss=0.36513652552104164, validation loss=0.3900387119501829                                                                                                                           
Epoch 19: training loss=0.3612562914689382, validation loss=0.40985832177102566                                                                                                                           
Early stop at epoch 19.
Test accuracy after fine-tuning: 0.8530