{10: 435, 11: 435, 12: 200, 13: 798, 14: 55, 15: 800, 16: 42, 17: 42, 18: 47, 19: 54, 20: 46, 21: 33, 22: 128, 23: 98, 24: 43, 25: 85, 26: 91, 27: 50, 28: 43, 29: 123, 30: 47, 31: 59, 32: 62, 33: 107, 34: 47, 35: 69, 36: 73, 37: 70, 38: 50, 39: 51, 40: 57, 41: 67, 42: 52, 43: 65, 44: 68, 45: 75, 46: 64, 47: 53, 48: 64, 49: 85, 50: 67, 51: 67, 52: 45, 53: 34, 54: 34, 55: 51, 56: 99, 57: 100, 58: 42, 59: 54, 60: 88, 61: 80, 62: 31, 63: 64, 64: 86, 65: 114, 66: 61, 67: 81, 68: 78, 69: 41, 70: 66, 71: 43, 72: 40, 73: 87, 74: 32, 75: 76, 76: 55, 77: 35, 78: 39, 79: 47, 80: 38, 81: 45, 82: 53, 83: 34, 84: 57, 85: 82, 86: 59, 87: 49, 88: 40, 89: 63, 90: 39, 91: 84, 92: 57, 93: 35, 94: 64, 95: 45, 96: 86, 97: 59, 98: 64, 99: 35, 100: 85, 101: 49, 102: 86, 103: 75, 104: 239, 105: 37, 106: 59, 107: 34, 108: 56, 109: 39, 110: 60}
>>> Distilling participant 1
Epoch 1: training loss=1.621697600168694, validation loss=20.665521051691865
Epoch 2: training loss=0.1648203027179674, validation loss=20.82083651663243
Epoch 3: training loss=0.14022624260753994, validation loss=21.161812749402277
Epoch 4: training loss=0.14249957014701894, validation loss=21.011274688545313
Epoch 5: training loss=0.12783194561985453, validation loss=21.17931664127043
Epoch 6: training loss=0.1262519578489687, validation loss=21.178352750580885
Early stop at epoch 6.
>>> Distilling participant 2
Epoch 1: training loss=138.3718581433255, validation loss=262.0190912005545
Epoch 2: training loss=98.35408819511919, validation loss=280.2935591072872
Epoch 3: training loss=99.1872053998348, validation loss=271.1741097987383
Epoch 4: training loss=91.53506862739322, validation loss=270.59290112024064
Epoch 5: training loss=92.77949008337015, validation loss=276.79666874326506
Epoch 6: training loss=85.79278932181147, validation loss=271.57760234262753
Early stop at epoch 6.
>>> Distilling participant 3
Epoch 1: training loss=87.41225585034279, validation loss=359.91242788029814
Epoch 2: training loss=0.004086394139071685, validation loss=361.06122247103986
Epoch 3: training loss=0.0037939370012981684, validation loss=361.44466426454744
Epoch 4: training loss=0.0037540336312613413, validation loss=363.03191787895116
Epoch 5: training loss=0.003441043951956593, validation loss=363.60830934020294
Epoch 6: training loss=0.003329127526577691, validation loss=364.1206636976922
Early stop at epoch 6.
Cloud model accuracy: 0.7960829493087558
Participant models accuracy: [0.3392, 0.3642, 0.3034]
Cloud accuracy after KD: [0.0, 0.0, 0.0]
Participant accuracy after KD: [0.4804, 0.395, 0.2612]
