Files already downloaded and verified
Files already downloaded and verified
>>> Start training cloud model...
Epoch 1: Loss = 0.7390694586328044
Epoch 2: Loss = 0.587144320384382
Epoch 3: Loss = 0.5044387117647134
Epoch 4: Loss = 0.49510778481967915
Epoch 5: Loss = 0.4389677702095181
Epoch 6: Loss = 0.36264400555493354
Epoch 7: Loss = 0.3429440338247881
Epoch 8: Loss = 0.3282232722535301
Epoch 9: Loss = 0.288868050105846
Epoch 10: Loss = 0.2688486097981564
Epoch 11: Loss = 0.23836220522372487
Epoch 12: Loss = 0.22713685314209697
Epoch 13: Loss = 0.21287618761959548
Epoch 14: Loss = 0.18264014497042275
Epoch 15: Loss = 0.17724804095804883
Epoch 16: Loss = 0.17458610797818666
Epoch 17: Loss = 0.14233290720076416
Epoch 18: Loss = 0.16058211219601168
Epoch 19: Loss = 0.1362558429578718
Epoch 20: Loss = 0.12385212791304047
Epoch 21: Loss = 0.10480390522352304
Epoch 22: Loss = 0.11778335730893352
Epoch 23: Loss = 0.11198698973860413
Epoch 24: Loss = 0.10284253065221416
Epoch 25: Loss = 0.09737279626076666
Epoch 26: Loss = 0.10571567745140632
Epoch 27: Loss = 0.09017756133088872
Epoch 28: Loss = 0.07684449062045938
Epoch 29: Loss = 0.08088940569793228
Epoch 30: Loss = 0.07582546707343893
>>> Start training party A model...
Epoch 1: Loss = 1.234868169593811
Epoch 2: Loss = 1.0891678615570068
Epoch 3: Loss = 0.9865078457832337
Epoch 4: Loss = 0.8823614144325256
Epoch 5: Loss = 0.7966351191997528
Epoch 6: Loss = 0.7055481510639191
Epoch 7: Loss = 0.6081173471689224
Epoch 8: Loss = 0.507774870634079
Epoch 9: Loss = 0.44370345420837404
Epoch 10: Loss = 0.3708909816861153
Epoch 11: Loss = 0.3107443498194218
Epoch 12: Loss = 0.2652924774587154
Epoch 13: Loss = 0.22777593615651132
Epoch 14: Loss = 0.19463623919487
Epoch 15: Loss = 0.17844196146726607
Epoch 16: Loss = 0.14718331763744355
Epoch 17: Loss = 0.14144682365730404
Epoch 18: Loss = 0.12236708450242877
Epoch 19: Loss = 0.11261801544949412
Epoch 20: Loss = 0.09905539928525686
Epoch 21: Loss = 0.07415795728899538
Epoch 22: Loss = 0.07725135081177577
Epoch 23: Loss = 0.07098288493361324
Epoch 24: Loss = 0.0743310563851148
Epoch 25: Loss = 0.06278547526784241
Epoch 26: Loss = 0.05347836181949824
Epoch 27: Loss = 0.048088744442351165
Epoch 28: Loss = 0.04157831530091353
Epoch 29: Loss = 0.04596116104144603
Epoch 30: Loss = 0.04054158318899572
>>> Start training party B model...
Epoch 1: Loss = 1.0723048434257507
Epoch 2: Loss = 0.7654732404708863
Epoch 3: Loss = 0.6591849248886108
Epoch 4: Loss = 0.5917197131633759
Epoch 5: Loss = 0.5534780417919158
Epoch 6: Loss = 0.5115980360031128
Epoch 7: Loss = 0.47247651319503786
Epoch 8: Loss = 0.4463360583782196
Epoch 9: Loss = 0.4243907344341278
Epoch 10: Loss = 0.3923673392534256
Epoch 11: Loss = 0.38346807686090467
Epoch 12: Loss = 0.3637728973031044
Epoch 13: Loss = 0.34862321392297746
Epoch 14: Loss = 0.3234037265777588
Epoch 15: Loss = 0.3049930621981621
Epoch 16: Loss = 0.28757992616295813
Epoch 17: Loss = 0.27442488550543787
Epoch 18: Loss = 0.2586221461057663
Epoch 19: Loss = 0.24036896761059762
Epoch 20: Loss = 0.22620619925856592
Epoch 21: Loss = 0.21458026701509952
Epoch 22: Loss = 0.19685826675593854
Epoch 23: Loss = 0.19141450056731701
Epoch 24: Loss = 0.18119935303628446
Epoch 25: Loss = 0.1767689301893115
Epoch 26: Loss = 0.1654739210680127
Epoch 27: Loss = 0.15420055588632822
Epoch 28: Loss = 0.1553215475589037
Epoch 29: Loss = 0.13962804674878718
Epoch 30: Loss = 0.133236377684772
>>> Start distillation from party A to cloud...
Epoch 1: Loss = 13.63082495727539
Epoch 2: Loss = 11.705933373260498
Epoch 3: Loss = 13.138643977355956
Epoch 4: Loss = 11.589611424255372
Epoch 5: Loss = 10.91287889099121
Epoch 6: Loss = 10.39669381866455
Epoch 7: Loss = 10.398527322387695
Epoch 8: Loss = 10.411910841369629
Epoch 9: Loss = 11.112989666748048
Epoch 10: Loss = 11.171919416046142
Epoch 11: Loss = 11.906992166137695
Epoch 12: Loss = 12.240779531097411
Epoch 13: Loss = 12.597682398223878
Epoch 14: Loss = 11.992046711730957
Epoch 15: Loss = 11.641807805633546
Epoch 16: Loss = 11.449961193847656
Epoch 17: Loss = 12.509289694976806
Epoch 18: Loss = 12.254710243988038
Epoch 19: Loss = 11.749306903076173
Epoch 20: Loss = 11.198738551330566
>>> Start fine-tuning cloud model...
Epoch 1: Loss = 0.9654235866503974
Epoch 2: Loss = 0.48763693183565293
Epoch 3: Loss = 0.443970690186793
Epoch 4: Loss = 0.4196411047975857
Epoch 5: Loss = 0.3977076123697689
Epoch 6: Loss = 0.38082996291664845
Epoch 7: Loss = 0.36320301519034387
Epoch 8: Loss = 0.35456146280796
Epoch 9: Loss = 0.34076692770940425
Epoch 10: Loss = 0.3365304274633289
Epoch 11: Loss = 0.3244972770063641
Epoch 12: Loss = 0.312038940791124
Epoch 13: Loss = 0.30608823971626475
Epoch 14: Loss = 0.29419427012768795
Epoch 15: Loss = 0.2884280987012501
Epoch 16: Loss = 0.279719264338763
Epoch 17: Loss = 0.27836053785139
Epoch 18: Loss = 0.2602395840203419
Epoch 19: Loss = 0.27283164499381096
Epoch 20: Loss = 0.2614250659180906
Epoch 21: Loss = 0.2578021113317424
Epoch 22: Loss = 0.25782294590442706
Epoch 23: Loss = 0.2420772658750272
Epoch 24: Loss = 0.2328252994214384
Epoch 25: Loss = 0.238027105470911
Epoch 26: Loss = 0.22006360254586696
Epoch 27: Loss = 0.22266802163169788
Epoch 28: Loss = 0.21692813661532662
Epoch 29: Loss = 0.21321567475272063
Epoch 30: Loss = 0.19960374416063387
>>> Start distillation from party B to cloud...
Epoch 1: Loss = 4.285698370361328
Epoch 2: Loss = 2.922429866409302
Epoch 3: Loss = 3.166344724845886
Epoch 4: Loss = 3.216229200553894
Epoch 5: Loss = 3.298943039894104
Epoch 6: Loss = 3.03516942615509
Epoch 7: Loss = 3.4421952156066893
Epoch 8: Loss = 3.24963875541687
Epoch 9: Loss = 3.1307278015136717
Epoch 10: Loss = 3.0435875072479246
Epoch 11: Loss = 3.0097161123275757
Epoch 12: Loss = 3.0013924821853637
Epoch 13: Loss = 2.7582544916152956
Epoch 14: Loss = 2.6352727117538453
Epoch 15: Loss = 2.568928932762146
Epoch 16: Loss = 2.4789363313674926
Epoch 17: Loss = 2.3998995197296145
Epoch 18: Loss = 2.4251273290634154
Epoch 19: Loss = 2.443262427711487
Epoch 20: Loss = 2.3465988286972044
>>> Start fine-tuning cloud model...
Epoch 1: Loss = 0.7733331815408061
Epoch 2: Loss = 0.38376455023265876
Epoch 3: Loss = 0.37712285013054125
Epoch 4: Loss = 0.3671712507835973
Epoch 5: Loss = 0.363798395894206
Epoch 6: Loss = 0.34343055671396344
Epoch 7: Loss = 0.3422916303998746
Epoch 8: Loss = 0.336010089316688
Epoch 9: Loss = 0.31837576694381886
Epoch 10: Loss = 0.31539461621270776
Epoch 11: Loss = 0.3113374365166353
Epoch 12: Loss = 0.3097959338856962
Epoch 13: Loss = 0.29894450859139904
Epoch 14: Loss = 0.29596162677858584
Epoch 15: Loss = 0.2996348770805441
Epoch 16: Loss = 0.2834548324156112
Epoch 17: Loss = 0.28563238473269886
Epoch 18: Loss = 0.2806463657667081
Epoch 19: Loss = 0.2714923858261718
Epoch 20: Loss = 0.2723937341675591
Epoch 21: Loss = 0.25946734431452645
Epoch 22: Loss = 0.25457002051150834
Epoch 23: Loss = 0.2531622822482746
Epoch 24: Loss = 0.24641423191601475
Epoch 25: Loss = 0.25166989948612434
Epoch 26: Loss = 0.24974168372896913
Epoch 27: Loss = 0.2416645960566906
Epoch 28: Loss = 0.23719429183072938
Epoch 29: Loss = 0.22754002986148522
Epoch 30: Loss = 0.227342887879751
Cloud model accuracy: 0.1805
Party A model accuracy: 0.2502
Party B model accuracy: 0.3469
Cloud model accuracy after distillation from party A: 0.1779
Cloud model accuracy after fine-tuning: 0.1727
Cloud model accuracy after distillation from party B: 0.2901
Cloud model accuracy after fine-tuning: 0.1725
